C166 COMPILER V7.57.0, DATA_FUSION                                                         06/29/2020 10:22:09 PAGE 1   


C166 COMPILER V7.57.0, COMPILATION OF MODULE DATA_FUSION
OBJECT MODULE PLACED IN .\Obj\data_fusion.obj
COMPILER INVOKED BY: C:\Keil_v5\C166\BIN\C166.EXE src\app\alogrithm\data_fusion.c MODV2 LARGE BROWSE INCDIR(.\src;.\src\
                    -bsw;.\src\driver;.\src\interaction;.\src\app\adc;.\src\app\alogrithm;.\src\app\can;.\src\app\ccp;.\src\app\diagnostic;.\
                    -src\app\mode control;.\src\app\task;.\src\app\Fun;.\src\app\rtos;.\src\bsw\can;.\src\bsw\desc;.\src\bsw\nm;.\src\app\tim
                    -e measure;.\src\app\rte) MODV2 DEBUG PRINT(.\Lst\data_fusion.lst) OBJECT(.\Obj\data_fusion.obj) 

 stmt lvl     source

    1         //****************************************************************************
    2         // @Module        Project Settings
    3         // @Filename      data_fusion.c
    4         // @Project       P300.dav
    5         //----------------------------------------------------------------------------
    6         // @Controller    Infineon XC2365B-40F80
    7         //
    8         // @Compiler      Keil
    9         //
   10         // @Codegenerator 2.0
   11         //
   12         // @Description   This file contains ADAS AEB function.
   13         //
   14         //----------------------------------------------------------------------------
   15         // @Date          2020-04-16 15:47:42
   16         //
   17         //****************************************************************************
   18         
   19         
   20         /**** Project Includes ****/
   21         
   22         #include "data_fusion.h"
   23         
   24         /**** Definition of macros ****/
   25         #define DATA_FUSION_GLOBALS
   26         
   27         
   28         /**** Definition of variables ****/
   29         
   30         
   31         
   32         /**** Declaration of functions ****/
   33         
   34         
   35         
   36         /***********************************************************************
   37         *  Name        : DataFusion_Init
   38         *  Description : None
   39         *  Parameter   : None
   40         *  Returns     : None
   41         ***********************************************************************/
   42         void DataFusion_Init(void)
   43         {
   44  1      
   45  1      }
   46         
   47         
   48         /***********************************************************************
   49         *  Name        : DataFusion_DeInit
   50         *  Description : None
   51         *  Parameter   : None
   52         *  Returns     : None
C166 COMPILER V7.57.0, DATA_FUSION                                                         06/29/2020 10:22:09 PAGE 2   

   53         ***********************************************************************/
   54         void DataFusion_DeInit(void) 
   55         {
   56  1      
   57  1      }
   58         
   59         
   60         /***********************************************************************
   61         *  Name        : DataFusion_TaskEntry
   62         *  Description : None
   63         *  Parameter   : None
   64         *  Returns     : None
   65         ***********************************************************************/
   66         void DataFusion_TaskEntry(void) 
   67         {
   68  1      
   69  1      } 
   70         
   71         
   72         // End Of DATA_FUSION
   73         


MODULE INFORMATION:   INITIALIZED  UNINITIALIZED
  CODE SIZE        =           6     --------
  NEAR-CONST SIZE  =    --------     --------
  FAR-CONST SIZE   =    --------     --------
  HUGE-CONST SIZE  =    --------     --------
  XHUGE-CONST SIZE =    --------     --------
  NEAR-DATA SIZE   =    --------     --------
  FAR-DATA SIZE    =    --------     --------
  XHUGE-DATA SIZE  =    --------     --------
  IDATA-DATA SIZE  =    --------     --------
  SDATA-DATA SIZE  =    --------     --------
  BDATA-DATA SIZE  =    --------     --------
  HUGE-DATA SIZE   =    --------     --------
  BIT SIZE         =    --------     --------
  INIT'L SIZE      =    --------     --------
END OF MODULE INFORMATION.


C166 COMPILATION COMPLETE.  0 WARNING(S),  0 ERROR(S)
