C166 COMPILER V7.57.0, IO                                                                  11/13/2020 15:09:22 PAGE 1   


C166 COMPILER V7.57.0, COMPILATION OF MODULE IO
OBJECT MODULE PLACED IN .\Obj\IO.obj
COMPILER INVOKED BY: C:\Keil_v5\C166\BIN\C166.EXE src\driver\IO.c MODV2 LARGE BROWSE INCDIR(.\src;.\src\bsw;.\src\driver
                    -;.\src\interaction;.\src\app\adc;.\src\app\alogrithm;.\src\app\can;.\src\app\ccp;.\src\app\diagnostic;.\src\app\mode con
                    -trol;.\src\app\task;.\src\app\Fun;.\src\app\rtos;.\src\bsw\can;.\src\bsw\desc;.\src\bsw\nm;.\src\app\time measure;.\src\
                    -app\rte) MODV2 DEBUG PRINT(.\Lst\IO.lst) OBJECT(.\Obj\IO.obj) 

 stmt lvl     source

    1         //****************************************************************************
    2         // @Module        Parallel Ports
    3         // @Filename      IO.c
    4         // @Project       P300.dav
    5         //----------------------------------------------------------------------------
    6         // @Controller    Infineon XC2365B-40F80
    7         //
    8         // @Compiler      Keil
    9         //
   10         // @Codegenerator 2.0
   11         //
   12         // @Description   This file contains functions that use the IO module.
   13         //
   14         //----------------------------------------------------------------------------
   15         // @Date          2020/5/8 09:17:37
   16         //
   17         //****************************************************************************
   18         
   19         // USER CODE BEGIN (IO_General,1)
   20         
   21         // USER CODE END
   22         
   23         
   24         
   25         //****************************************************************************
   26         // @Project Includes
   27         //****************************************************************************
   28         
   29         #include "MAIN.h"
   30         
   31         // USER CODE BEGIN (IO_General,2)
   32         
   33         // USER CODE END
   34         
   35         
   36         //****************************************************************************
   37         // @Macros
   38         //****************************************************************************
   39         
   40         // USER CODE BEGIN (IO_General,3)
   41         
   42         // USER CODE END
   43         
   44         
   45         //****************************************************************************
   46         // @Defines
   47         //****************************************************************************
   48         
   49         // USER CODE BEGIN (IO_General,4)
   50         
   51         // USER CODE END
   52         
C166 COMPILER V7.57.0, IO                                                                  11/13/2020 15:09:22 PAGE 2   

   53         
   54         //****************************************************************************
   55         // @Typedefs
   56         //****************************************************************************
   57         
   58         // USER CODE BEGIN (IO_General,5)
   59         
   60         // USER CODE END
   61         
   62         
   63         //****************************************************************************
   64         // @Imported Global Variables
   65         //****************************************************************************
   66         
   67         // USER CODE BEGIN (IO_General,6)
   68         
   69         // USER CODE END
   70         
   71         
   72         //****************************************************************************
   73         // @Global Variables
   74         //****************************************************************************
   75         
   76         // USER CODE BEGIN (IO_General,7)
   77         
   78         // USER CODE END
   79         
   80         
   81         //****************************************************************************
   82         // @External Prototypes
   83         //****************************************************************************
   84         
   85         // USER CODE BEGIN (IO_General,8)
   86         
   87         // USER CODE END
   88         
   89         
   90         //****************************************************************************
   91         // @Prototypes Of Local Functions
   92         //****************************************************************************
   93         
   94         // USER CODE BEGIN (IO_General,9)
   95         
   96         // USER CODE END
   97         
   98         
   99         //****************************************************************************
  100         // @Function      void IO_vInit(void) 
  101         //
  102         //----------------------------------------------------------------------------
  103         // @Description   This is the initialization function of the IO function 
  104         //                library. It is assumed that the SFRs used by this library 
  105         //                are in reset state. 
  106         //
  107         //----------------------------------------------------------------------------
  108         // @Returnvalue   None
  109         //
  110         //----------------------------------------------------------------------------
  111         // @Parameters    None
  112         //
  113         //----------------------------------------------------------------------------
  114         // @Date          2020/5/8
C166 COMPILER V7.57.0, IO                                                                  11/13/2020 15:09:22 PAGE 3   

  115         //
  116         //****************************************************************************
  117         
  118         // USER CODE BEGIN (IO_Function,1)
  119         
  120         // USER CODE END
  121         
  122         void IO_vInit(void)
  123         {
  124  1        // USER CODE BEGIN (IO_Function,2)
  125  1      
  126  1        // USER CODE END
  127  1      
  128  1      
  129  1        ///  -----------------------------------------------------------------------
  130  1        ///  Configuration of Port P0:
  131  1        ///  -----------------------------------------------------------------------
  132  1        ///  P0.0 is used as alternate output for the CCU61 output (CC60)
  133  1        ///  - push/pull output is selected
  134  1        ///  P0.1 is used as alternate output for the CCU61 output (CC61)
  135  1        ///  - push/pull output is selected
  136  1        ///  P0.2 is used as alternate output for the  CCU61 output (CC62)
  137  1        ///  - push/pull output is selected
  138  1        ///  P0.3 is used as alternate output for the CCU61 output (COUT60)
  139  1        ///  - push/pull output is selected
  140  1        ///  P0.4 is used as alternate output for the CCU61 output (COUT61)
  141  1        ///  - push/pull output is selected
  142  1        ///  P0.5 is used as alternate output for the  CCU61 output (COUT62)
  143  1        ///  - push/pull output is selected
  144  1        ///  P0.7 is used as general purpose output
  145  1        ///  - push/pull output is selected
  146  1        ///  - the pin status is low level
  147  1      
  148  1        ///  P0.0 - P0.3 output driver characteristic: strong driver
  149  1        ///  P0.4 - P0.7 output driver characteristic: strong driver
  150  1      
  151  1        ///  P0.0 - P0.3 output edge characteristic: sharp edge mode
  152  1        ///  P0.4 - P0.7 output edge characteristic: sharp edge mode
  153  1      
  154  1        P0_IOCR07      =  0x0080;      // load port control register 7
  155  1      
  156  1        ///  -----------------------------------------------------------------------
  157  1        ///  Configuration of Port P1:
  158  1        ///  -----------------------------------------------------------------------
  159  1        ///  P1.4 is used as general input
  160  1        ///  - pull device is tristate 
  161  1        ///  P1.5 is used as general input
  162  1        ///  - pull device is tristate 
  163  1        ///  P1.7 is used as general purpose output
  164  1        ///  - push/pull output is selected
  165  1        ///  - the pin status is low level
  166  1      
  167  1        ///  P1.0 - P1.3 output driver characteristic: strong driver
  168  1        ///  P1.4 - P1.7 output driver characteristic: strong driver
  169  1      
  170  1        ///  P1.0 - P1.3 output edge characteristic: sharp edge mode
  171  1        ///  P1.4 - P1.7 output edge characteristic: sharp edge mode
  172  1      
  173  1        P1_IOCR07      =  0x0080;      // load port control register 7
  174  1      
  175  1        ///  -----------------------------------------------------------------------
  176  1        ///  Configuration of Port P2:
C166 COMPILER V7.57.0, IO                                                                  11/13/2020 15:09:22 PAGE 4   

  177  1        ///  -----------------------------------------------------------------------
  178  1        ///  P2.0 is used as alternate input for the CAN0 Receive input(RXDC0C)
  179  1        ///  P2.1 is used as alternate output for the CAN0 Transmit output(TXDC0C)
  180  1        ///  - push/pull output is selected
  181  1        ///  P2.2 is used as alternate output for the CAN1 Transmit output(TXDC1B)
  182  1        ///  - push/pull output is selected
  183  1        ///  P2.4 is used as alternate input for the CAN1 Receive input(RXDC1A)
  184  1      
  185  1        ///  P2.0 - P2.3 output driver characteristic: strong driver
  186  1        ///  P2.4 - P2.7 output driver characteristic: strong driver
  187  1        ///  P2.8 - P2.13 output driver characteristic: strong driver
  188  1      
  189  1        ///  P2.0 - P2.3 output edge characteristic: sharp edge mode
  190  1        ///  P2.4 - P2.7 output edge characteristic: sharp edge mode
  191  1        ///  P2.8 - P2.13 output edge characteristic: sharp edge mode
  192  1      
  193  1      
  194  1        ///  -----------------------------------------------------------------------
  195  1        ///  Configuration of Port P4:
  196  1        ///  -----------------------------------------------------------------------
  197  1        ///  P4.0 is used as general input
  198  1        ///  - pull device is tristate 
  199  1        ///  P4.1 is used as general input
  200  1        ///  - pull device is tristate 
  201  1        ///  P4.2 is used as general input
  202  1        ///  - pull device is tristate 
  203  1        ///  P4.3 is used as general input
  204  1        ///  - pull device is tristate 
  205  1      
  206  1        ///  P4.0 - P4.3 output driver characteristic: strong driver
  207  1      
  208  1        ///  P4.0 - P4.3 output edge characteristic: sharp edge mode
  209  1      
  210  1      
  211  1        ///  -----------------------------------------------------------------------
  212  1        ///  Configuration of Port P5:
  213  1        ///  -----------------------------------------------------------------------
  214  1        ///  P5.0 is used as alternate input for the  Analog Input Pin (AN50)
  215  1        ///  P5.2 is used as alternate input for the  Analog Input Pin (AN52)
  216  1        ///  P5.3 is used as alternate input for the  Analog Input Pin (AN53)
  217  1        ///  P5.4 is used as alternate input for the  Analog Input Pin (AN54)
  218  1        ///  P5.5 is used as alternate input for the  Analog Input Pin (AN55)
  219  1        ///  P5.8 is used as alternate input for the  Analog Input Pin (AN58)
  220  1        ///  P5.9 is used as alternate input for the  Analog Input Pin (AN59)
  221  1        ///  P5.10 is used as alternate input for the  Analog Input Pin (AN510)
  222  1        ///  P5.11 is used as alternate input for the  Analog Input Pin (AN511)
  223  1        ///  P5.13 is used as alternate input for the  Analog Input Pin (AN513)
  224  1        ///  P5.15 is used as alternate input for the  Analog Input Pin (AN515)
  225  1      
  226  1      
  227  1        ///  -----------------------------------------------------------------------
  228  1        ///  Configuration of Port P6:
  229  1        ///  -----------------------------------------------------------------------
  230  1        ///  P6.0 is used as general input
  231  1        ///  - pull device is tristate 
  232  1        ///  P6.2 is used as general purpose output
  233  1        ///  - push/pull output is selected
  234  1        ///  - the pin status is low level
  235  1      
  236  1        ///  P6.0 - P6.2 output driver characteristic: strong driver
  237  1      
  238  1        ///  P6.0 - P6.2 output edge characteristic: sharp edge mode
C166 COMPILER V7.57.0, IO                                                                  11/13/2020 15:09:22 PAGE 5   

  239  1      
  240  1        P6_IOCR02      =  0x0080;      // load port control register 2
  241  1      
  242  1        ///  -----------------------------------------------------------------------
  243  1        ///  Configuration of Port P7:
  244  1        ///  -----------------------------------------------------------------------
  245  1        ///  P7.0 is used as general purpose output
  246  1        ///  - push/pull output is selected
  247  1        ///  - the pin status is low level
  248  1        ///  P7.1 is used as general purpose output
  249  1        ///  - push/pull output is selected
  250  1        ///  - the pin status is low level
  251  1        ///  P7.3 is used as general input
  252  1        ///  - pull device is tristate 
  253  1        ///  P7.4 is used as general purpose output
  254  1        ///  - push/pull output is selected
  255  1        ///  - the pin status is low level
  256  1      
  257  1        ///  P7.0 - P7.3 output driver characteristic: strong driver
  258  1        ///  P7.4 - P7.4 output driver characteristic: strong driver
  259  1      
  260  1        ///  P7.0 - P7.3 output edge characteristic: sharp edge mode
  261  1        ///  P7.4 - P7.4 output edge characteristic: sharp edge mode
  262  1      
  263  1        P7_IOCR00      =  0x0080;      // load port control register 0
  264  1        P7_IOCR01      =  0x0080;      // load port control register 1
  265  1        P7_IOCR04      =  0x0080;      // load port control register 4
  266  1      
  267  1        ///  -----------------------------------------------------------------------
  268  1        ///  Configuration of Port P10:
  269  1        ///  -----------------------------------------------------------------------
  270  1        ///  P10.1 is used as general purpose output
  271  1        ///  - push/pull output is selected
  272  1        ///  - the pin status is low level
  273  1        ///  P10.4 is used as general purpose output
  274  1        ///  - push/pull output is selected
  275  1        ///  - the pin status is low level
  276  1      
  277  1        ///  P10.0 - P10.3 output driver characteristic: strong driver
  278  1        ///  P10.4 - P10.7 output driver characteristic: strong driver
  279  1        ///  P10.8 - P10.11 output driver characteristic: strong driver
  280  1        ///  P10.12 - P10.15 output driver characteristic: strong driver
  281  1      
  282  1        ///  P10.0 - P10.3 output edge characteristic: sharp edge mode
  283  1        ///  P10.4 - P10.7 output edge characteristic: sharp edge mode
  284  1        ///  P10.8 - P10.11 output edge characteristic: sharp edge mode
  285  1        ///  P10.12 - P10.15 output edge characteristic: sharp edge mode
  286  1      
  287  1        P10_IOCR01     =  0x0080;      // load port control register 1
  288  1        P10_IOCR04     =  0x0080;      // load port control register 4
  289  1      
  290  1        ///  -----------------------------------------------------------------------
  291  1        ///  Configuration of Port P15:
  292  1        ///  -----------------------------------------------------------------------
  293  1        ///  P15.0 is used as alternate input for the  Analog Input Pin (AN0)
  294  1        ///  P15.2 is used as alternate input for the  Analog Input Pin (AN2)
  295  1        ///  P15.4 is used as alternate input for the  Analog Input Pin (AN4)
  296  1      
  297  1      
  298  1      
  299  1        // USER CODE BEGIN (IO_Function,3)
  300  1      
C166 COMPILER V7.57.0, IO                                                                  11/13/2020 15:09:22 PAGE 6   

  301  1        // USER CODE END
  302  1      
  303  1      } //  End of function IO_vInit
  304         
  305         
  306         
  307         
  308         // USER CODE BEGIN (IO_General,10)
  309         
  310         // USER CODE END
  311         


MODULE INFORMATION:   INITIALIZED  UNINITIALIZED
  CODE SIZE        =          50     --------
  NEAR-CONST SIZE  =    --------     --------
  FAR-CONST SIZE   =    --------     --------
  HUGE-CONST SIZE  =    --------     --------
  XHUGE-CONST SIZE =    --------     --------
  NEAR-DATA SIZE   =    --------     --------
  FAR-DATA SIZE    =    --------     --------
  XHUGE-DATA SIZE  =    --------     --------
  IDATA-DATA SIZE  =    --------     --------
  SDATA-DATA SIZE  =    --------     --------
  BDATA-DATA SIZE  =    --------     --------
  HUGE-DATA SIZE   =    --------     --------
  BIT SIZE         =    --------     --------
  INIT'L SIZE      =    --------     --------
END OF MODULE INFORMATION.


C166 COMPILATION COMPLETE.  0 WARNING(S),  0 ERROR(S)
