C166 COMPILER V7.57.0, TASK2                                                               01/20/2021 09:50:52 PAGE 1   


C166 COMPILER V7.57.0, COMPILATION OF MODULE TASK2
OBJECT MODULE PLACED IN .\Obj\Task2.obj
COMPILER INVOKED BY: C:\Keil_v5\C166\BIN\C166.EXE src\app\task\Task2.c MODV2 LARGE BROWSE INCDIR(.\src;.\src\bsw;.\src\d
                    -river;.\src\interaction;.\src\app\adc;.\src\app\alogrithm;.\src\app\can;.\src\app\ccp;.\src\app\diagnostic;.\src\app\mod
                    -e control;.\src\app\task;.\src\app\Fun;.\src\app\rtos;.\src\bsw\can;.\src\bsw\desc;.\src\bsw\nm;.\src\app\time measure;.
                    -\src\app\rte) MODV2 DEBUG PRINT(.\Lst\Task2.lst) OBJECT(.\Obj\Task2.obj) 

 stmt lvl     source

    1         
    2          
    3         #include "MAIN.h"
    4         #include "rte.h"
    5         
    6         
    7         void task2(void);
    8         void task2Normal_v_s(void);
    9         void task2PowerUpTest_v_s(void);
   10         void task2PowerDownTest_v_s(void);
   11         void task2PowerDown_v_s(void);
   12         void task2Fault_v_s(void);
   13         
   14         
   15         
   16         /*!************************************************************************************
   17         *       @fn             void task2(void)
   18         *       @brief            任务2函数
   19         *       @author     Matt Zhang
   20         *       @param[in]      void
   21         *       @return     void
   22         *       @note       在CCU60.c中CCU60_viNodeI3()函数中调用
   23         *       @Data       2019-3-12
   24         ****************************************************************************************/
   25         void task2(void)
   26         {
   27  1      
   28  1              switch(SystemMode_u8_Sig)
   29  1              {
   30  2                      case PowerUpTestMode:
   31  2                              task2PowerUpTest_v_s();
   32  2                      break;
   33  2      
   34  2                      case NormalMode:
   35  2                              task2Normal_v_s();
   36  2                      break;
   37  2      
   38  2                      case FaultMode:
   39  2                              task2Fault_v_s();
   40  2                      break;
   41  2      
   42  2                      case PowerDownTestMode:
   43  2                              task2PowerDownTest_v_s();
   44  2                      break;
   45  2      
   46  2                      case PowerDownMode:
   47  2                              task2PowerDown_v_s();
   48  2                      break;
   49  2      
   50  2                      default:
   51  2                      break;
   52  2              }
C166 COMPILER V7.57.0, TASK2                                                               01/20/2021 09:50:52 PAGE 2   

   53  1      }
   54         
   55         
   56         /*!************************************************************************************
   57         *       @fn             void task2PowerUpTest_v_s(void)
   58         *       @brief           任务2上电测试函数
   59         *       @author     Matt Zhang
   60         *       @param[in]      void
   61         *       @return     void
   62         *       @note       在Task2.c的task2()函数中调用
   63         *       @Data       2019-3-12
   64         ****************************************************************************************/
   65         void task2PowerUpTest_v_s(void)
   66         {
   67  1      
   68  1      }
   69         
   70         
   71         /*!************************************************************************************
   72         *       @fn             void task2Normal_v_s(void)
   73         *       @brief           任务2正常模式函数
   74         *       @author     Matt Zhang
   75         *       @param[in]      void
   76         *       @return     void
   77         *       @note       在Task2.c的task2()函数中调用；另外AEB算法放在此函数中
   78         *       @Data       2019-3-12
   79         ****************************************************************************************/
   80         void task2Normal_v_s(void)
   81         {
   82  1      
   83  1              //Rte_selfCalibrationInitValue();
   84  1      
   85  1              if(0)
   86  1              {
   87  2                      IO_vSetPin(IO_P6_2); /* open brake lamp */
   88  2              }
   89  1              else
   90  1              {
   91  2                      IO_vResetPin(IO_P6_2); /* close brake lamp */
   92  2              }
   93  1      }
   94         
   95         
   96         /*!************************************************************************************
   97         *       @fn             void task2PowerDownTest_v_s(void)
   98         *       @brief           任务2下电测试模式函数
   99         *       @author     Matt Zhang
  100         *       @param[in]      void
  101         *       @return     void
  102         *       @note       在Task2.c的task2()函数中调用
  103         *       @Data       2019-3-12
  104         ****************************************************************************************/
  105         void task2PowerDownTest_v_s(void)
  106         {
  107  1      
  108  1      }
  109         
  110         
  111         /*!************************************************************************************
  112         *       @fn             void task2PowerDown_v_s(void)
  113         *       @brief           任务2下电模式函数
  114         *       @author     Matt Zhang
C166 COMPILER V7.57.0, TASK2                                                               01/20/2021 09:50:52 PAGE 3   

  115         *       @param[in]      void
  116         *       @return     void
  117         *       @note       在Task2.c的task2()函数中调用
  118         *       @Data       2019-3-12
  119         ****************************************************************************************/
  120         void task2PowerDown_v_s(void)
  121         {
  122  1      
  123  1      }
  124         
  125         
  126         /*!************************************************************************************
  127         *       @fn             void task2Fault_v_s(void)
  128         *       @brief           任务2故障模式函数
  129         *       @author     Matt Zhang
  130         *       @param[in]      void
  131         *       @return     void
  132         *       @note       在Task2.c的task2()函数中调用
  133         *       @Data       2019-3-12
  134         ****************************************************************************************/
  135         void task2Fault_v_s(void)
  136         {
  137  1      
  138  1      }
  139         


MODULE INFORMATION:   INITIALIZED  UNINITIALIZED
  CODE SIZE        =          80     --------
  NEAR-CONST SIZE  =    --------     --------
  FAR-CONST SIZE   =    --------     --------
  HUGE-CONST SIZE  =    --------     --------
  XHUGE-CONST SIZE =    --------     --------
  NEAR-DATA SIZE   =    --------     --------
  FAR-DATA SIZE    =    --------     --------
  XHUGE-DATA SIZE  =    --------     --------
  IDATA-DATA SIZE  =    --------     --------
  SDATA-DATA SIZE  =    --------     --------
  BDATA-DATA SIZE  =    --------     --------
  HUGE-DATA SIZE   =    --------     --------
  BIT SIZE         =    --------     --------
  INIT'L SIZE      =    --------     --------
END OF MODULE INFORMATION.


C166 COMPILATION COMPLETE.  0 WARNING(S),  0 ERROR(S)
