C166 COMPILER V7.57.0, TASK4                                                               11/13/2020 15:09:29 PAGE 1   


C166 COMPILER V7.57.0, COMPILATION OF MODULE TASK4
OBJECT MODULE PLACED IN .\Obj\Task4.obj
COMPILER INVOKED BY: C:\Keil_v5\C166\BIN\C166.EXE src\app\task\Task4.c MODV2 LARGE BROWSE INCDIR(.\src;.\src\bsw;.\src\d
                    -river;.\src\interaction;.\src\app\adc;.\src\app\alogrithm;.\src\app\can;.\src\app\ccp;.\src\app\diagnostic;.\src\app\mod
                    -e control;.\src\app\task;.\src\app\Fun;.\src\app\rtos;.\src\bsw\can;.\src\bsw\desc;.\src\bsw\nm;.\src\app\time measure;.
                    -\src\app\rte) MODV2 DEBUG PRINT(.\Lst\Task4.lst) OBJECT(.\Obj\Task4.obj) 

 stmt lvl     source

    1         /*
    2          * Task4.c
    3          *
    4          *  Created on: 2019-3-5
    5          *      Author: Administrator
    6          */
    7         #include "MAIN.h"
    8         
    9         #include "ModeControl.h"
   10         #include "ModeControl_private.h"
   11         
   12         /*
   13         *********************************************************************************************************
   14         *                                                MACROS
   15         *********************************************************************************************************
   16         */
   17         
   18         
   19         /*
   20         *********************************************************************************************************
   21         *                                               VARIABLES
   22         *********************************************************************************************************
   23         */
   24         
   25         INT8U Task4SchedCnt;
   26         
   27         /*
   28         *********************************************************************************************************
   29         *                                          FUNCTION PROTOTYPES
   30         *********************************************************************************************************
   31         */
   32         void task4(void);
   33         void task4Normal_v_s(void);
   34         void task4PowerUpTest_v_s(void);
   35         void task4PowerDownTest_v_s(void);
   36         void task4PowerDown_v_s(void);
   37         void task4Fault_v_s(void);
   38         void task4Sched_v_s(void);
   39         
   40         
   41         /*
   42         *********************************************************************************************************
   43         *                                             C ENTRY POINT
   44         *********************************************************************************************************
   45         */
   46         /*!************************************************************************************
   47         *       @fn             void task4(void)
   48         *       @brief            任务4函数
   49         *       @author     Matt Zhang
   50         *       @param[in]      void
   51         *       @return     void
   52         *       @note       在GPT1.c中GPT1_viTmr4()函数中调用
C166 COMPILER V7.57.0, TASK4                                                               11/13/2020 15:09:29 PAGE 2   

   53         *       @Data       2019-3-12
   54         ****************************************************************************************/
   55         void task4(void)
   56         {
   57  1          //FEED_WATCHDOG;
   58  1              IO_vTogglePin(IO_P10_1); /* watch dog */
   59  1      }


MODULE INFORMATION:   INITIALIZED  UNINITIALIZED
  CODE SIZE        =          14     --------
  NEAR-CONST SIZE  =    --------     --------
  FAR-CONST SIZE   =    --------     --------
  HUGE-CONST SIZE  =    --------     --------
  XHUGE-CONST SIZE =    --------     --------
  NEAR-DATA SIZE   =           1     --------
  FAR-DATA SIZE    =    --------     --------
  XHUGE-DATA SIZE  =    --------     --------
  IDATA-DATA SIZE  =    --------     --------
  SDATA-DATA SIZE  =    --------     --------
  BDATA-DATA SIZE  =    --------     --------
  HUGE-DATA SIZE   =    --------     --------
  BIT SIZE         =    --------     --------
  INIT'L SIZE      =    --------     --------
END OF MODULE INFORMATION.


C166 COMPILATION COMPLETE.  0 WARNING(S),  0 ERROR(S)
